{"numTotalTestSuites":1,"numPassedTestSuites":0,"numFailedTestSuites":1,"numPendingTestSuites":0,"numTotalTests":0,"numPassedTests":0,"numFailedTests":0,"numPendingTests":0,"numTodoTests":0,"snapshot":{"added":0,"failure":false,"filesAdded":0,"filesRemoved":0,"filesRemovedList":[],"filesUnmatched":0,"filesUpdated":0,"matched":0,"total":0,"unchecked":0,"uncheckedKeysByFile":[],"unmatched":0,"updated":0,"didUpdate":false},"startTime":1774631600808,"success":false,"testResults":[{"assertionResults":[],"startTime":1774631600808,"endTime":1774631600808,"status":"failed","message":"Transform failed with 2 errors:\n\n\u001b[31m[PARSE_ERROR] Error:\u001b[0m Invalid Unicode escape sequence\n   \u001b[38;5;246m╭\u001b[0m\u001b[38;5;246m─\u001b[0m\u001b[38;5;246m[\u001b[0m prisma/data.ts:1:96 \u001b[38;5;246m]\u001b[0m\n   \u001b[38;5;246m│\u001b[0m\n \u001b[38;5;246m1 │\u001b[0m \u001b[38;5;249mi\u001b[0m\u001b[38;5;249mm\u001b[0m\u001b[38;5;249mp\u001b[0m\u001b[38;5;249mo\u001b[0m\u001b[38;5;249mr\u001b[0m\u001b[38;5;249mt\u001b[0m\u001b[38;5;249m \u001b[0m\u001b[38;5;249m{\u001b[0m\u001b[38;5;249m \u001b[0m\u001b[38;5;249mD\u001b[0m\u001b[38;5;249mi\u001b[0m\u001b[38;5;249ma\u001b[0m\u001b[38;5;249mg\u001b[0m\u001b[38;5;249mn\u001b[0m\u001b[38;5;249mo\u001b[0m\u001b[38;5;249ms\u001b[0m\u001b[38;5;249mi\u001b[0m\u001b[38;5;249ms\u001b[0m\u001b[38;5;249m,\u001b[0m\u001b[38;5;249m \u001b[0m\u001b[38;5;249mM\u001b[0m\u001b[38;5;249me\u001b[0m\u001b[38;5;249md\u001b[0m\u001b[38;5;249mi\u001b[0m\u001b[38;5;249mc\u001b[0m\u001b[38;5;249ma\u001b[0m\u001b[38;5;249mt\u001b[0m\u001b[38;5;249mi\u001b[0m\u001b[38;5;249mo\u001b[0m\u001b[38;5;249mn\u001b[0m\u001b[38;5;249m,\u001b[0m\u001b[38;5;249m \u001b[0m\u001b[38;5;249mL\u001b[0m\u001b[38;5;249ma\u001b[0m\u001b[38;5;249mb\u001b[0m\u001b[38;5;249mT\u001b[0m\u001b[38;5;249me\u001b[0m\u001b[38;5;249ms\u001b[0m\u001b[38;5;249mt\u001b[0m\u001b[38;5;249m,\u001b[0m\u001b[38;5;249m \u001b[0m\u001b[38;5;249mI\u001b[0m\u001b[38;5;249mm\u001b[0m\u001b[38;5;249ma\u001b[0m\u001b[38;5;249mg\u001b[0m\u001b[38;5;249mi\u001b[0m\u001b[38;5;249mn\u001b[0m\u001b[38;5;249mg\u001b[0m\u001b[38;5;249m,\u001b[0m\u001b[38;5;249m \u001b[0m\u001b[38;5;249mR\u001b[0m\u001b[38;5;249me\u001b[0m\u001b[38;5;249mf\u001b[0m\u001b[38;5;249me\u001b[0m\u001b[38;5;249mr\u001b[0m\u001b[38;5;249mr\u001b[0m\u001b[38;5;249ma\u001b[0m\u001b[38;5;249ml\u001b[0m\u001b[38;5;249m \u001b[0m\u001b[38;5;249m}\u001b[0m\u001b[38;5;249m \u001b[0m\u001b[38;5;249mf\u001b[0m\u001b[38;5;249mr\u001b[0m\u001b[38;5;249mo\u001b[0m\u001b[38;5;249mm\u001b[0m\u001b[38;5;249m \u001b[0m\u001b[38;5;249m\"\u001b[0m\u001b[38;5;249m.\u001b[0m\u001b[38;5;249m.\u001b[0m\u001b[38;5;249m/\u001b[0m\u001b[38;5;249ms\u001b[0m\u001b[38;5;249mr\u001b[0m\u001b[38;5;249mc\u001b[0m\u001b[38;5;249m/\u001b[0m\u001b[38;5;249ml\u001b[0m\u001b[38;5;249mi\u001b[0m\u001b[38;5;249mb\u001b[0m\u001b[38;5;249m/\u001b[0m\u001b[38;5;249mc\u001b[0m\u001b[38;5;249ml\u001b[0m\u001b[38;5;249mi\u001b[0m\u001b[38;5;249mn\u001b[0m\u001b[38;5;249mi\u001b[0m\u001b[38;5;249mc\u001b[0m\u001b[38;5;249ma\u001b[0m\u001b[38;5;249ml\u001b[0m\u001b[38;5;249mE\u001b[0m\u001b[38;5;249mn\u001b[0m\u001b[38;5;249mg\u001b[0m\u001b[38;5;249mi\u001b[0m\u001b[38;5;249mn\u001b[0m\u001b[38;5;249me\u001b[0m\u001b[38;5;249m\"\u001b[0m\u001b[38;5;249m;\u001b[0m\u001b[38;5;249m\\\u001b[0mn\u001b[38;5;249me\u001b[0m\u001b[38;5;249mx\u001b[0m\u001b[38;5;249mp\u001b[0m\u001b[38;5;249mo\u001b[0m\u001b[38;5;249mr\u001b[0m\u001b[38;5;249mt\u001b[0m\u001b[38;5;249m \u001b[0m\u001b[38;5;249mc\u001b[0m\u001b[38;5;249mo\u001b[0m\u001b[38;5;249mn\u001b[0m\u001b[38;5;249ms\u001b[0m\u001b[38;5;249mt\u001b[0m\u001b[38;5;249m \u001b[0m\u001b[38;5;249mD\u001b[0m\u001b[38;5;249mI\u001b[0m\u001b[38;5;249mA\u001b[0m\u001b[38;5;249mG\u001b[0m\u001b[38;5;249mN\u001b[0m\u001b[38;5;249mO\u001b[0m\u001b[38;5;249mS\u001b[0m\u001b[38;5;249mI\u001b[0m\u001b[38;5;249mS\u001b[0m\u001b[38;5;249m_\u001b[0m\u001b[38;5;249mD\u001b[0m\u001b[38;5;249mB\u001b[0m\u001b[38;5;249m:\u001b[0m\u001b[38;5;249m \u001b[0m\u001b[38;5;249mD\u001b[0m\u001b[38;5;249mi\u001b[0m\u001b[38;5;249ma\u001b[0m\u001b[38;5;249mg\u001b[0m\u001b[38;5;249mn\u001b[0m\u001b[38;5;249mo\u001b[0m\u001b[38;5;249ms\u001b[0m\u001b[38;5;249mi\u001b[0m\u001b[38;5;249ms\u001b[0m\u001b[38;5;249m[\u001b[0m\u001b[38;5;249m]\u001b[0m\u001b[38;5;249m \u001b[0m\u001b[38;5;249m=\u001b[0m\u001b[38;5;249m \u001b[0m\u001b[38;5;249m[\u001b[0m\n \u001b[38;5;240m  │\u001b[0m                                                                                                ┬  \n \u001b[38;5;240m  │\u001b[0m                                                                                                ╰── \n\u001b[38;5;246m───╯\u001b[0m\n\n\u001b[31m[PARSE_ERROR] Error:\u001b[0m Keywords cannot contain escape characters\n   \u001b[38;5;246m╭\u001b[0m\u001b[38;5;246m─\u001b[0m\u001b[38;5;246m[\u001b[0m prisma/data.ts:1:95 \u001b[38;5;246m]\u001b[0m\n   \u001b[38;5;246m│\u001b[0m\n \u001b[38;5;246m1 │\u001b[0m \u001b[38;5;249mi\u001b[0m\u001b[38;5;249mm\u001b[0m\u001b[38;5;249mp\u001b[0m\u001b[38;5;249mo\u001b[0m\u001b[38;5;249mr\u001b[0m\u001b[38;5;249mt\u001b[0m\u001b[38;5;249m \u001b[0m\u001b[38;5;249m{\u001b[0m\u001b[38;5;249m \u001b[0m\u001b[38;5;249mD\u001b[0m\u001b[38;5;249mi\u001b[0m\u001b[38;5;249ma\u001b[0m\u001b[38;5;249mg\u001b[0m\u001b[38;5;249mn\u001b[0m\u001b[38;5;249mo\u001b[0m\u001b[38;5;249ms\u001b[0m\u001b[38;5;249mi\u001b[0m\u001b[38;5;249ms\u001b[0m\u001b[38;5;249m,\u001b[0m\u001b[38;5;249m \u001b[0m\u001b[38;5;249mM\u001b[0m\u001b[38;5;249me\u001b[0m\u001b[38;5;249md\u001b[0m\u001b[38;5;249mi\u001b[0m\u001b[38;5;249mc\u001b[0m\u001b[38;5;249ma\u001b[0m\u001b[38;5;249mt\u001b[0m\u001b[38;5;249mi\u001b[0m\u001b[38;5;249mo\u001b[0m\u001b[38;5;249mn\u001b[0m\u001b[38;5;249m,\u001b[0m\u001b[38;5;249m \u001b[0m\u001b[38;5;249mL\u001b[0m\u001b[38;5;249ma\u001b[0m\u001b[38;5;249mb\u001b[0m\u001b[38;5;249mT\u001b[0m\u001b[38;5;249me\u001b[0m\u001b[38;5;249ms\u001b[0m\u001b[38;5;249mt\u001b[0m\u001b[38;5;249m,\u001b[0m\u001b[38;5;249m \u001b[0m\u001b[38;5;249mI\u001b[0m\u001b[38;5;249mm\u001b[0m\u001b[38;5;249ma\u001b[0m\u001b[38;5;249mg\u001b[0m\u001b[38;5;249mi\u001b[0m\u001b[38;5;249mn\u001b[0m\u001b[38;5;249mg\u001b[0m\u001b[38;5;249m,\u001b[0m\u001b[38;5;249m \u001b[0m\u001b[38;5;249mR\u001b[0m\u001b[38;5;249me\u001b[0m\u001b[38;5;249mf\u001b[0m\u001b[38;5;249me\u001b[0m\u001b[38;5;249mr\u001b[0m\u001b[38;5;249mr\u001b[0m\u001b[38;5;249ma\u001b[0m\u001b[38;5;249ml\u001b[0m\u001b[38;5;249m \u001b[0m\u001b[38;5;249m}\u001b[0m\u001b[38;5;249m \u001b[0m\u001b[38;5;249mf\u001b[0m\u001b[38;5;249mr\u001b[0m\u001b[38;5;249mo\u001b[0m\u001b[38;5;249mm\u001b[0m\u001b[38;5;249m \u001b[0m\u001b[38;5;249m\"\u001b[0m\u001b[38;5;249m.\u001b[0m\u001b[38;5;249m.\u001b[0m\u001b[38;5;249m/\u001b[0m\u001b[38;5;249ms\u001b[0m\u001b[38;5;249mr\u001b[0m\u001b[38;5;249mc\u001b[0m\u001b[38;5;249m/\u001b[0m\u001b[38;5;249ml\u001b[0m\u001b[38;5;249mi\u001b[0m\u001b[38;5;249mb\u001b[0m\u001b[38;5;249m/\u001b[0m\u001b[38;5;249mc\u001b[0m\u001b[38;5;249ml\u001b[0m\u001b[38;5;249mi\u001b[0m\u001b[38;5;249mn\u001b[0m\u001b[38;5;249mi\u001b[0m\u001b[38;5;249mc\u001b[0m\u001b[38;5;249ma\u001b[0m\u001b[38;5;249ml\u001b[0m\u001b[38;5;249mE\u001b[0m\u001b[38;5;249mn\u001b[0m\u001b[38;5;249mg\u001b[0m\u001b[38;5;249mi\u001b[0m\u001b[38;5;249mn\u001b[0m\u001b[38;5;249me\u001b[0m\u001b[38;5;249m\"\u001b[0m\u001b[38;5;249m;\u001b[0m\\nexport\u001b[38;5;249m \u001b[0m\u001b[38;5;249mc\u001b[0m\u001b[38;5;249mo\u001b[0m\u001b[38;5;249mn\u001b[0m\u001b[38;5;249ms\u001b[0m\u001b[38;5;249mt\u001b[0m\u001b[38;5;249m \u001b[0m\u001b[38;5;249mD\u001b[0m\u001b[38;5;249mI\u001b[0m\u001b[38;5;249mA\u001b[0m\u001b[38;5;249mG\u001b[0m\u001b[38;5;249mN\u001b[0m\u001b[38;5;249mO\u001b[0m\u001b[38;5;249mS\u001b[0m\u001b[38;5;249mI\u001b[0m\u001b[38;5;249mS\u001b[0m\u001b[38;5;249m_\u001b[0m\u001b[38;5;249mD\u001b[0m\u001b[38;5;249mB\u001b[0m\u001b[38;5;249m:\u001b[0m\u001b[38;5;249m \u001b[0m\u001b[38;5;249mD\u001b[0m\u001b[38;5;249mi\u001b[0m\u001b[38;5;249ma\u001b[0m\u001b[38;5;249mg\u001b[0m\u001b[38;5;249mn\u001b[0m\u001b[38;5;249mo\u001b[0m\u001b[38;5;249ms\u001b[0m\u001b[38;5;249mi\u001b[0m\u001b[38;5;249ms\u001b[0m\u001b[38;5;249m[\u001b[0m\u001b[38;5;249m]\u001b[0m\u001b[38;5;249m \u001b[0m\u001b[38;5;249m=\u001b[0m\u001b[38;5;249m \u001b[0m\u001b[38;5;249m[\u001b[0m\n \u001b[38;5;240m  │\u001b[0m                                                                                               ────┬───  \n \u001b[38;5;240m  │\u001b[0m                                                                                                   ╰───── \n\u001b[38;5;246m───╯\u001b[0m\n","name":"C:/Users/Dell/Desktop/EHR_V1/src/lib/clinicalEngine.test.ts"}]}
